<?xml version="1.0" encoding="UTF-8"?>
<!-- Generated by org.testng.reporters.JUnitReportReporter -->
<testsuite hostname="LMC-LT-092" failures="0" tests="2" name="testcases.IndexPageText" time="35.932" errors="0" timestamp="2022-08-04T14:45:21 IST" skipped="0">
  <testcase classname="testcases.IndexPageText" name="VerifyTitle" time="19.744"/>
  <system-out/>
  <testcase classname="testcases.IndexPageText" name="VerifyLogo" time="16.188"/>
  <system-out/>
</testsuite> <!-- testcases.IndexPageText -->
