<?xml version="1.0" encoding="UTF-8"?>
<!-- Generated by org.testng.reporters.JUnitReportReporter -->
<testsuite hostname="LMC-LT-092" failures="0" tests="1" name="testcases.OrderpageTest" time="52.572" errors="0" timestamp="2022-08-04T14:57:05 IST" skipped="0">
  <testcase classname="testcases.OrderpageTest" name="VerifyTotalPrice" time="52.572"/>
  <system-out/>
</testsuite> <!-- testcases.OrderpageTest -->
