<?xml version="1.0" encoding="UTF-8"?>
<!-- Generated by org.testng.reporters.JUnitReportReporter -->
<testsuite hostname="LMC-LT-092" failures="0" tests="1" name="testcases.AccountCreationPageTest" time="25.761" errors="0" timestamp="2022-08-04T12:49:11 IST" skipped="0">
  <testcase classname="testcases.AccountCreationPageTest" name="verifyCreateAccountPageTest" time="25.761"/>
  <system-out/>
</testsuite> <!-- testcases.AccountCreationPageTest -->
