<?xml version="1.0" encoding="UTF-8"?>
<!-- Generated by org.testng.reporters.JUnitReportReporter -->
<testsuite hostname="LMC-LT-092" failures="0" tests="1" name="testcases.AddToCart" time="26.393" errors="0" timestamp="2022-08-16T10:30:47 IST" skipped="0">
  <testcase classname="testcases.AddToCart" name="addToCartTest" time="26.393"/>
  <system-out/>
</testsuite> <!-- testcases.AddToCart -->
