<?xml version="1.0" encoding="UTF-8"?>
<!-- Generated by org.testng.reporters.JUnitReportReporter -->
<testsuite hostname="LMC-LT-092" failures="0" tests="1" name="testcases.LoginPageTest" time="25.622" errors="0" timestamp="2022-08-04T15:06:02 IST" skipped="0">
  <testcase classname="testcases.LoginPageTest" name="loginTest" time="25.622"/>
  <system-out/>
</testsuite> <!-- testcases.LoginPageTest -->
